<?xml version="1.0" encoding="UTF-8"?>
<!-- Generated by org.testng.reporters.JUnitReportReporter -->
<testsuite hostname="NavinSampath" failures="0" tests="1" name="Day17.TestNGTags" time="0.029" errors="0" timestamp="23 Aug 2023 02:02:24 GMT" skipped="0">
  <testcase classname="Day17.TestNGTags" name="click" time="0.029"/>
</testsuite> <!-- Day17.TestNGTags -->
