<?xml version="1.0" encoding="UTF-8"?>
<!-- Generated by org.testng.reporters.JUnitReportReporter -->
<testsuite hostname="NavinSampath" failures="0" tests="1" name="POM.Runner" time="0.872" errors="0" timestamp="28 Aug 2023 02:18:06 GMT" skipped="0">
  <testcase classname="POM.Runner" name="main" time="0.872"/>
</testsuite> <!-- POM.Runner -->
