<?xml version="1.0" encoding="UTF-8"?>
<!-- Generated by org.testng.reporters.JUnitReportReporter -->
<testsuite hostname="NavinSampath" failures="0" tests="4" name="Day15.TestNgTags" time="0.012" errors="0" timestamp="17 Aug 2023 02:30:18 GMT" skipped="0">
  <testcase classname="Day15.TestNgTags" name="firstTC01" time="0.008"/>
  <testcase classname="Day15.TestNgTags" name="secondTC01" time="0.001"/>
  <testcase classname="Day15.TestNgTags" name="thirdTC01" time="0.001"/>
  <testcase classname="Day15.TestNgTags" name="fourthTC01" time="0.002"/>
</testsuite> <!-- Day15.TestNgTags -->
