<?xml version="1.0" encoding="UTF-8"?>
<!-- Generated by org.testng.reporters.JUnitReportReporter -->
<testsuite hostname="NavinSampath" failures="0" tests="2" name="Day13.Testnglearning" time="0.016" errors="0" timestamp="15 Aug 2023 02:15:30 GMT" skipped="0">
  <testcase classname="Day13.Testnglearning" name="tc01" time="0.014"/>
  <testcase classname="Day13.Testnglearning" name="tc02" time="0.002"/>
</testsuite> <!-- Day13.Testnglearning -->
